Using pre-set license
Built from '2020.3/staging' branch; Version is '2020.3.0f1 (c7b5465681fb) revision 13088070'; Using compiler version '192528614'; Build Type 'Release'
OS: 'Windows 10 Home China; OS build 19043.1348; Version 2009; 64bit' Language: 'zh' Physical Memory: 16253 MB
BatchMode: 1, IsHumanControllingUs: 0, StartBugReporterOnCrash: 0, Is64bit: 1, IsPro: 0

 COMMAND LINE ARGUMENTS:
D:\Software\Unity2020.3\Unity\Editor\Unity.exe
-adb2
-batchMode
-noUpm
-name
AssetImportWorker0
-projectPath
D:/GitProjects/SyncDemo/Client
-logFile
Logs/AssetImportWorker0.log
-srvPort
1162
Successfully changed project path to: D:/GitProjects/SyncDemo/Client
D:/GitProjects/SyncDemo/Client
Using Asset Import Pipeline V2.
Refreshing native plugins compatible for Editor in 23.57 ms, found 0 plugins.
Preloading 0 native plugins for Editor in 0.00 ms.
Initialize engine version: 2020.3.0f1 (c7b5465681fb)
[Subsystems] Discovering subsystems at path D:/Software/Unity2020.3/Unity/Editor/Data/Resources/UnitySubsystems
[Subsystems] Discovering subsystems at path D:/GitProjects/SyncDemo/Client/Assets
GfxDevice: creating device client; threaded=0
Direct3D:
    Version:  Direct3D 11.0 [level 11.1]
    Renderer: NVIDIA GeForce GTX 1650 (ID=0x1f99)
    Vendor:   
    VRAM:     3962 MB
    Driver:   27.21.14.5749
Initialize mono
Mono path[0] = 'D:/Software/Unity2020.3/Unity/Editor/Data/Managed'
Mono path[1] = 'D:/Software/Unity2020.3/Unity/Editor/Data/MonoBleedingEdge/lib/mono/unityjit'
Mono config path = 'D:/Software/Unity2020.3/Unity/Editor/Data/MonoBleedingEdge/etc'
Using monoOptions --debugger-agent=transport=dt_socket,embedding=1,server=y,suspend=n,address=127.0.0.1:56244
Begin MonoManager ReloadAssembly
Registering precompiled unity dll's ...
Register platform support module: D:/Software/Unity2020.3/Unity/Editor/Data/PlaybackEngines/WindowsStandaloneSupport/UnityEditor.WindowsStandalone.Extensions.dll
Registered in 0.001123 seconds.
Native extension for WindowsStandalone target not found
Refreshing native plugins compatible for Editor in 24.84 ms, found 0 plugins.
Preloading 0 native plugins for Editor in 0.00 ms.
Invoked RoslynAnalysisRunner static constructor.
RoslynAnalysisRunner will not be running.
RoslynAnalysisRunner has terminated.
Mono: successfully reloaded assembly
- Completed reload, in  0.868 seconds
Platform modules already initialized, skipping
Registering precompiled user dll's ...
Registered in 0.000674 seconds.
Begin MonoManager ReloadAssembly
Native extension for WindowsStandalone target not found
Refreshing native plugins compatible for Editor in 0.25 ms, found 0 plugins.
Preloading 0 native plugins for Editor in 0.00 ms.
Invoked RoslynAnalysisRunner static constructor.
RoslynAnalysisRunner will not be running.
RoslynAnalysisRunner has terminated.
Mono: successfully reloaded assembly
- Completed reload, in  0.750 seconds
Platform modules already initialized, skipping
========================================================================
Worker process is ready to serve import requests
Launched and connected shader compiler UnityShaderCompiler.exe after 0.05 seconds
Refreshing native plugins compatible for Editor in 0.28 ms, found 0 plugins.
Preloading 0 native plugins for Editor in 0.00 ms.
Unloading 1115 Unused Serialized files (Serialized files now loaded: 0)
System memory in use before: 57.7 MB.
System memory in use after: 57.8 MB.

Unloading 11 unused Assets to reduce memory usage. Loaded Objects now: 1562.
Total: 1.821200 ms (FindLiveObjects: 0.206200 ms CreateObjectMapping: 0.031400 ms MarkObjects: 1.495000 ms  DeleteObjects: 0.086800 ms)

========================================================================
Received Import Request.
  path: Assets/Scripts/0Services
  artifactKey: Guid(e17f6edab2ba9354fadd67d56170e2e9) Importer(815301076,1909f56bfc062723c751e8b465ee728b)
Start importing Assets/Scripts/0Services using Guid(e17f6edab2ba9354fadd67d56170e2e9) Importer(815301076,1909f56bfc062723c751e8b465ee728b)  -> (artifact id: 'd10e508559996eb8ef8320d58e41c3df') in 0.005252 seconds
  Import took 0.007559 seconds .

========================================================================
Received Import Request.
  Time since last request: 1.586633 seconds.
  path: Assets/Scripts/01Services
  artifactKey: Guid(e17f6edab2ba9354fadd67d56170e2e9) Importer(815301076,1909f56bfc062723c751e8b465ee728b)
Start importing Assets/Scripts/01Services using Guid(e17f6edab2ba9354fadd67d56170e2e9) Importer(815301076,1909f56bfc062723c751e8b465ee728b)  -> (artifact id: '707ab0dfa525291c2777b158715f2a75') in 0.001974 seconds
  Import took 0.004223 seconds .

========================================================================
Received Import Request.
  Time since last request: 2.163673 seconds.
  path: Assets/Scenes
  artifactKey: Guid(5c0453401b1ab9b4ba97bacd19062c2c) Importer(815301076,1909f56bfc062723c751e8b465ee728b)
Start importing Assets/Scenes using Guid(5c0453401b1ab9b4ba97bacd19062c2c) Importer(815301076,1909f56bfc062723c751e8b465ee728b)  -> (artifact id: 'dcdadffa1804cce83154cd4bb632a84a') in 0.002326 seconds
  Import took 0.004604 seconds .

========================================================================
Received Import Request.
  Time since last request: 8.824679 seconds.
  path: Assets/Scripts/02Systems
  artifactKey: Guid(19416fbe1a039e74cbba9cacee0f58d2) Importer(815301076,1909f56bfc062723c751e8b465ee728b)
Start importing Assets/Scripts/02Systems using Guid(19416fbe1a039e74cbba9cacee0f58d2) Importer(815301076,1909f56bfc062723c751e8b465ee728b)  -> (artifact id: '8e443cbde275d52e687e0ceb51f34acd') in 0.003431 seconds
  Import took 0.005247 seconds .

========================================================================
Received Import Request.
  Time since last request: 18.695192 seconds.
  path: Assets/Scripts/01Services/NetSvc.cs
  artifactKey: Guid(6c25e651eb047fd4eb5d3333fd3e9d59) Importer(815301076,1909f56bfc062723c751e8b465ee728b)
Start importing Assets/Scripts/01Services/NetSvc.cs using Guid(6c25e651eb047fd4eb5d3333fd3e9d59) Importer(815301076,1909f56bfc062723c751e8b465ee728b)  -> (artifact id: 'e177b8d22754c21d1e9a0ba91949e4ae') in 0.024636 seconds
  Import took 0.026943 seconds .

========================================================================
Received Prepare
Registering precompiled user dll's ...
Registered in 0.000678 seconds.
Begin MonoManager ReloadAssembly
Native extension for WindowsStandalone target not found
Refreshing native plugins compatible for Editor in 0.25 ms, found 0 plugins.
Preloading 0 native plugins for Editor in 0.00 ms.
Invoked RoslynAnalysisRunner static constructor.
RoslynAnalysisRunner will not be running.
RoslynAnalysisRunner has terminated.
Mono: successfully reloaded assembly
- Completed reload, in  0.689 seconds
Platform modules already initialized, skipping
Refreshing native plugins compatible for Editor in 0.25 ms, found 0 plugins.
Preloading 0 native plugins for Editor in 0.00 ms.
Unloading 1111 Unused Serialized files (Serialized files now loaded: 0)
System memory in use before: 57.7 MB.
System memory in use after: 57.8 MB.

Unloading 6 unused Assets to reduce memory usage. Loaded Objects now: 1566.
Total: 1.686300 ms (FindLiveObjects: 0.249600 ms CreateObjectMapping: 0.066800 ms MarkObjects: 1.306000 ms  DeleteObjects: 0.061900 ms)

========================================================================
Received Prepare
Registering precompiled user dll's ...
Registered in 0.000691 seconds.
Begin MonoManager ReloadAssembly
Native extension for WindowsStandalone target not found
Refreshing native plugins compatible for Editor in 0.25 ms, found 0 plugins.
Preloading 0 native plugins for Editor in 0.00 ms.
Invoked RoslynAnalysisRunner static constructor.
RoslynAnalysisRunner will not be running.
RoslynAnalysisRunner has terminated.
Mono: successfully reloaded assembly
- Completed reload, in  0.680 seconds
Platform modules already initialized, skipping
Refreshing native plugins compatible for Editor in 0.26 ms, found 0 plugins.
Preloading 0 native plugins for Editor in 0.00 ms.
Unloading 1111 Unused Serialized files (Serialized files now loaded: 0)
System memory in use before: 57.7 MB.
System memory in use after: 57.8 MB.

Unloading 6 unused Assets to reduce memory usage. Loaded Objects now: 1569.
Total: 1.825700 ms (FindLiveObjects: 0.192000 ms CreateObjectMapping: 0.052600 ms MarkObjects: 1.506000 ms  DeleteObjects: 0.073600 ms)

========================================================================
Received Import Request.
  Time since last request: 212.939547 seconds.
  path: Assets/Scripts/01Services/AudioSvc.cs
  artifactKey: Guid(5ee42500510c9584d89de9c901031cb7) Importer(815301076,1909f56bfc062723c751e8b465ee728b)
Start importing Assets/Scripts/01Services/AudioSvc.cs using Guid(5ee42500510c9584d89de9c901031cb7) Importer(815301076,1909f56bfc062723c751e8b465ee728b)  -> (artifact id: 'dec117ea24bea3dbec2b2aad6e020879') in 0.008739 seconds
  Import took 0.010595 seconds .

========================================================================
Received Import Request.
  Time since last request: 0.009237 seconds.
  path: Assets/Scripts/01Services/AudioSvc.cs
  artifactKey: Guid(5ee42500510c9584d89de9c901031cb7) Importer(815301076,1909f56bfc062723c751e8b465ee728b)
Start importing Assets/Scripts/01Services/AudioSvc.cs using Guid(5ee42500510c9584d89de9c901031cb7) Importer(815301076,1909f56bfc062723c751e8b465ee728b)  -> (artifact id: 'dec117ea24bea3dbec2b2aad6e020879') in 0.002631 seconds
  Import took 0.004611 seconds .

========================================================================
Received Prepare
Registering precompiled user dll's ...
Registered in 0.000666 seconds.
Begin MonoManager ReloadAssembly
Native extension for WindowsStandalone target not found
Refreshing native plugins compatible for Editor in 0.25 ms, found 0 plugins.
Preloading 0 native plugins for Editor in 0.00 ms.
Invoked RoslynAnalysisRunner static constructor.
RoslynAnalysisRunner will not be running.
RoslynAnalysisRunner has terminated.
Mono: successfully reloaded assembly
- Completed reload, in  0.659 seconds
Platform modules already initialized, skipping
Refreshing native plugins compatible for Editor in 0.24 ms, found 0 plugins.
Preloading 0 native plugins for Editor in 0.00 ms.
Unloading 1112 Unused Serialized files (Serialized files now loaded: 0)
System memory in use before: 57.8 MB.
System memory in use after: 57.8 MB.

Unloading 6 unused Assets to reduce memory usage. Loaded Objects now: 1573.
Total: 1.801900 ms (FindLiveObjects: 0.250200 ms CreateObjectMapping: 0.066900 ms MarkObjects: 1.420700 ms  DeleteObjects: 0.062200 ms)

========================================================================
Received Prepare
Registering precompiled user dll's ...
Registered in 0.000650 seconds.
Begin MonoManager ReloadAssembly
Native extension for WindowsStandalone target not found
Refreshing native plugins compatible for Editor in 0.24 ms, found 0 plugins.
Preloading 0 native plugins for Editor in 0.00 ms.
Invoked RoslynAnalysisRunner static constructor.
RoslynAnalysisRunner will not be running.
RoslynAnalysisRunner has terminated.
Mono: successfully reloaded assembly
- Completed reload, in  0.672 seconds
Platform modules already initialized, skipping
Refreshing native plugins compatible for Editor in 0.25 ms, found 0 plugins.
Preloading 0 native plugins for Editor in 0.00 ms.
Unloading 1112 Unused Serialized files (Serialized files now loaded: 0)
System memory in use before: 57.8 MB.
System memory in use after: 57.8 MB.

Unloading 6 unused Assets to reduce memory usage. Loaded Objects now: 1576.
Total: 1.752100 ms (FindLiveObjects: 0.247000 ms CreateObjectMapping: 0.065300 ms MarkObjects: 1.377900 ms  DeleteObjects: 0.058900 ms)

========================================================================
Received Import Request.
  Time since last request: 48.360556 seconds.
  path: Assets/Scripts/01Services/AudioSvc.cs
  artifactKey: Guid(5ee42500510c9584d89de9c901031cb7) Importer(815301076,1909f56bfc062723c751e8b465ee728b)
Start importing Assets/Scripts/01Services/AudioSvc.cs using Guid(5ee42500510c9584d89de9c901031cb7) Importer(815301076,1909f56bfc062723c751e8b465ee728b)  -> (artifact id: '6435bd56e92abef955adff4fd2b93928') in 0.008660 seconds
  Import took 0.010564 seconds .

========================================================================
Received Import Request.
  Time since last request: 17.616791 seconds.
  path: Assets/Scripts/01Services/ResSvc.cs
  artifactKey: Guid(5cbe908328f47c84d86bafade938fad8) Importer(815301076,1909f56bfc062723c751e8b465ee728b)
Start importing Assets/Scripts/01Services/ResSvc.cs using Guid(5cbe908328f47c84d86bafade938fad8) Importer(815301076,1909f56bfc062723c751e8b465ee728b)  -> (artifact id: '623881b5b6e406f81fff7e462a6f0a6f') in 0.007937 seconds
  Import took 0.009764 seconds .

========================================================================
Received Import Request.
  Time since last request: 0.019175 seconds.
  path: Assets/Scripts/01Services/ResSvc.cs
  artifactKey: Guid(5cbe908328f47c84d86bafade938fad8) Importer(815301076,1909f56bfc062723c751e8b465ee728b)
Start importing Assets/Scripts/01Services/ResSvc.cs using Guid(5cbe908328f47c84d86bafade938fad8) Importer(815301076,1909f56bfc062723c751e8b465ee728b)  -> (artifact id: '623881b5b6e406f81fff7e462a6f0a6f') in 0.002633 seconds
  Import took 0.004433 seconds .

========================================================================
Received Prepare
Registering precompiled user dll's ...
Registered in 0.000781 seconds.
Begin MonoManager ReloadAssembly
Native extension for WindowsStandalone target not found
Refreshing native plugins compatible for Editor in 0.25 ms, found 0 plugins.
Preloading 0 native plugins for Editor in 0.00 ms.
Invoked RoslynAnalysisRunner static constructor.
RoslynAnalysisRunner will not be running.
RoslynAnalysisRunner has terminated.
Mono: successfully reloaded assembly
- Completed reload, in  0.668 seconds
Platform modules already initialized, skipping
Refreshing native plugins compatible for Editor in 0.29 ms, found 0 plugins.
Preloading 0 native plugins for Editor in 0.00 ms.
Unloading 1113 Unused Serialized files (Serialized files now loaded: 0)
System memory in use before: 57.8 MB.
System memory in use after: 57.9 MB.

Unloading 6 unused Assets to reduce memory usage. Loaded Objects now: 1580.
Total: 2.508200 ms (FindLiveObjects: 0.198500 ms CreateObjectMapping: 0.029400 ms MarkObjects: 2.184500 ms  DeleteObjects: 0.093000 ms)

========================================================================
Received Import Request.
  Time since last request: 74.156628 seconds.
  path: Assets/Scripts/01Services/ResSvc.cs
  artifactKey: Guid(5cbe908328f47c84d86bafade938fad8) Importer(815301076,1909f56bfc062723c751e8b465ee728b)
Start importing Assets/Scripts/01Services/ResSvc.cs using Guid(5cbe908328f47c84d86bafade938fad8) Importer(815301076,1909f56bfc062723c751e8b465ee728b)  -> (artifact id: '621c29c4d2b67363266317504d25df71') in 0.003808 seconds
  Import took 0.006012 seconds .

========================================================================
Received Import Request.
  Time since last request: 0.022623 seconds.
  path: Assets/Scripts/01Services/ResSvc.cs
  artifactKey: Guid(5cbe908328f47c84d86bafade938fad8) Importer(815301076,1909f56bfc062723c751e8b465ee728b)
Start importing Assets/Scripts/01Services/ResSvc.cs using Guid(5cbe908328f47c84d86bafade938fad8) Importer(815301076,1909f56bfc062723c751e8b465ee728b)  -> (artifact id: '621c29c4d2b67363266317504d25df71') in 0.001798 seconds
  Import took 0.003608 seconds .

========================================================================
Received Prepare
Registering precompiled user dll's ...
Registered in 0.000719 seconds.
Begin MonoManager ReloadAssembly
Native extension for WindowsStandalone target not found
Refreshing native plugins compatible for Editor in 0.25 ms, found 0 plugins.
Preloading 0 native plugins for Editor in 0.00 ms.
Invoked RoslynAnalysisRunner static constructor.
RoslynAnalysisRunner will not be running.
RoslynAnalysisRunner has terminated.
Mono: successfully reloaded assembly
- Completed reload, in  0.672 seconds
Platform modules already initialized, skipping
Refreshing native plugins compatible for Editor in 0.24 ms, found 0 plugins.
Preloading 0 native plugins for Editor in 0.00 ms.
Unloading 1113 Unused Serialized files (Serialized files now loaded: 0)
System memory in use before: 57.8 MB.
System memory in use after: 57.9 MB.

Unloading 6 unused Assets to reduce memory usage. Loaded Objects now: 1583.
Total: 2.206000 ms (FindLiveObjects: 0.394700 ms CreateObjectMapping: 0.072700 ms MarkObjects: 1.675400 ms  DeleteObjects: 0.060700 ms)

========================================================================
Received Import Request.
  Time since last request: 25.812625 seconds.
  path: Assets/Scripts/01Services/ResSvc.cs
  artifactKey: Guid(5cbe908328f47c84d86bafade938fad8) Importer(815301076,1909f56bfc062723c751e8b465ee728b)
Start importing Assets/Scripts/01Services/ResSvc.cs using Guid(5cbe908328f47c84d86bafade938fad8) Importer(815301076,1909f56bfc062723c751e8b465ee728b)  -> (artifact id: '66613644666ffe310c83ca18aeca8581') in 0.003972 seconds
  Import took 0.006041 seconds .

========================================================================
Received Prepare
Registering precompiled user dll's ...
Registered in 0.000642 seconds.
Begin MonoManager ReloadAssembly
Native extension for WindowsStandalone target not found
Refreshing native plugins compatible for Editor in 0.25 ms, found 0 plugins.
Preloading 0 native plugins for Editor in 0.00 ms.
Invoked RoslynAnalysisRunner static constructor.
RoslynAnalysisRunner will not be running.
RoslynAnalysisRunner has terminated.
Mono: successfully reloaded assembly
- Completed reload, in  0.673 seconds
Platform modules already initialized, skipping
Refreshing native plugins compatible for Editor in 0.24 ms, found 0 plugins.
Preloading 0 native plugins for Editor in 0.00 ms.
Unloading 1113 Unused Serialized files (Serialized files now loaded: 0)
System memory in use before: 57.8 MB.
System memory in use after: 57.9 MB.

Unloading 6 unused Assets to reduce memory usage. Loaded Objects now: 1586.
Total: 1.865400 ms (FindLiveObjects: 0.299300 ms CreateObjectMapping: 0.075200 ms MarkObjects: 1.429200 ms  DeleteObjects: 0.060100 ms)

========================================================================
Received Import Request.
  Time since last request: 194.054530 seconds.
  path: Assets/Scripts/02Systems/LoginSys.cs
  artifactKey: Guid(823ece6e972f1394f9602c050fccc3a3) Importer(815301076,1909f56bfc062723c751e8b465ee728b)
Start importing Assets/Scripts/02Systems/LoginSys.cs using Guid(823ece6e972f1394f9602c050fccc3a3) Importer(815301076,1909f56bfc062723c751e8b465ee728b)  -> (artifact id: '1f9233dd522924924478f8ca1e772860') in 0.004468 seconds
  Import took 0.006625 seconds .

========================================================================
Received Prepare
Registering precompiled user dll's ...
Registered in 0.000624 seconds.
Begin MonoManager ReloadAssembly
Native extension for WindowsStandalone target not found
Refreshing native plugins compatible for Editor in 0.24 ms, found 0 plugins.
Preloading 0 native plugins for Editor in 0.00 ms.
Invoked RoslynAnalysisRunner static constructor.
RoslynAnalysisRunner will not be running.
RoslynAnalysisRunner has terminated.
Mono: successfully reloaded assembly
- Completed reload, in  0.675 seconds
Platform modules already initialized, skipping
Refreshing native plugins compatible for Editor in 0.25 ms, found 0 plugins.
Preloading 0 native plugins for Editor in 0.00 ms.
Unloading 1114 Unused Serialized files (Serialized files now loaded: 0)
System memory in use before: 57.8 MB.
System memory in use after: 57.9 MB.

Unloading 6 unused Assets to reduce memory usage. Loaded Objects now: 1590.
Total: 1.791000 ms (FindLiveObjects: 0.303200 ms CreateObjectMapping: 0.068000 ms MarkObjects: 1.356900 ms  DeleteObjects: 0.061500 ms)

========================================================================
Received Import Request.
  Time since last request: 11.035540 seconds.
  path: Assets/Scripts/02Systems/LobbySys.cs
  artifactKey: Guid(a8c4e267486740c458688fc1aff052eb) Importer(815301076,1909f56bfc062723c751e8b465ee728b)
Start importing Assets/Scripts/02Systems/LobbySys.cs using Guid(a8c4e267486740c458688fc1aff052eb) Importer(815301076,1909f56bfc062723c751e8b465ee728b)  -> (artifact id: '1d554b7b8c398ae46e612e2ddd3e4038') in 0.006039 seconds
  Import took 0.012672 seconds .

========================================================================
Received Import Request.
  Time since last request: 0.014093 seconds.
  path: Assets/Scripts/02Systems/LobbySys.cs
  artifactKey: Guid(a8c4e267486740c458688fc1aff052eb) Importer(815301076,1909f56bfc062723c751e8b465ee728b)
Start importing Assets/Scripts/02Systems/LobbySys.cs using Guid(a8c4e267486740c458688fc1aff052eb) Importer(815301076,1909f56bfc062723c751e8b465ee728b)  -> (artifact id: '1d554b7b8c398ae46e612e2ddd3e4038') in 0.002329 seconds
  Import took 0.004319 seconds .

========================================================================
Received Prepare
Registering precompiled user dll's ...
Registered in 0.000688 seconds.
Begin MonoManager ReloadAssembly
Native extension for WindowsStandalone target not found
Refreshing native plugins compatible for Editor in 0.26 ms, found 0 plugins.
Preloading 0 native plugins for Editor in 0.00 ms.
Invoked RoslynAnalysisRunner static constructor.
RoslynAnalysisRunner will not be running.
RoslynAnalysisRunner has terminated.
Mono: successfully reloaded assembly
- Completed reload, in  0.681 seconds
Platform modules already initialized, skipping
Refreshing native plugins compatible for Editor in 0.25 ms, found 0 plugins.
Preloading 0 native plugins for Editor in 0.00 ms.
Unloading 1115 Unused Serialized files (Serialized files now loaded: 0)
System memory in use before: 57.9 MB.
System memory in use after: 57.9 MB.

Unloading 6 unused Assets to reduce memory usage. Loaded Objects now: 1594.
Total: 2.023200 ms (FindLiveObjects: 0.384300 ms CreateObjectMapping: 0.071800 ms MarkObjects: 1.503100 ms  DeleteObjects: 0.062300 ms)

========================================================================
Received Import Request.
  Time since last request: 9.207926 seconds.
  path: Assets/Scripts/02Systems/BattleSys.cs
  artifactKey: Guid(e1fbdbf5341b93e4ab4812a2f63b6b16) Importer(815301076,1909f56bfc062723c751e8b465ee728b)
Start importing Assets/Scripts/02Systems/BattleSys.cs using Guid(e1fbdbf5341b93e4ab4812a2f63b6b16) Importer(815301076,1909f56bfc062723c751e8b465ee728b)  -> (artifact id: 'e8f14a8be260063ed2086cdf5b5923e1') in 0.004777 seconds
  Import took 0.006894 seconds .

========================================================================
Received Prepare
Registering precompiled user dll's ...
Registered in 0.000721 seconds.
Begin MonoManager ReloadAssembly
Native extension for WindowsStandalone target not found
Refreshing native plugins compatible for Editor in 0.24 ms, found 0 plugins.
Preloading 0 native plugins for Editor in 0.00 ms.
Invoked RoslynAnalysisRunner static constructor.
RoslynAnalysisRunner will not be running.
RoslynAnalysisRunner has terminated.
Mono: successfully reloaded assembly
- Completed reload, in  0.671 seconds
Platform modules already initialized, skipping
Refreshing native plugins compatible for Editor in 0.25 ms, found 0 plugins.
Preloading 0 native plugins for Editor in 0.00 ms.
Unloading 1116 Unused Serialized files (Serialized files now loaded: 0)
System memory in use before: 57.9 MB.
System memory in use after: 58.0 MB.

Unloading 6 unused Assets to reduce memory usage. Loaded Objects now: 1598.
Total: 1.711600 ms (FindLiveObjects: 0.263500 ms CreateObjectMapping: 0.032000 ms MarkObjects: 1.353700 ms  DeleteObjects: 0.059900 ms)

========================================================================
Received Prepare
Registering precompiled user dll's ...
Registered in 0.000677 seconds.
Begin MonoManager ReloadAssembly
Native extension for WindowsStandalone target not found
Refreshing native plugins compatible for Editor in 0.25 ms, found 0 plugins.
Preloading 0 native plugins for Editor in 0.00 ms.
Invoked RoslynAnalysisRunner static constructor.
RoslynAnalysisRunner will not be running.
RoslynAnalysisRunner has terminated.
Mono: successfully reloaded assembly
- Completed reload, in  0.675 seconds
Platform modules already initialized, skipping
Refreshing native plugins compatible for Editor in 0.25 ms, found 0 plugins.
Preloading 0 native plugins for Editor in 0.00 ms.
Unloading 1116 Unused Serialized files (Serialized files now loaded: 0)
System memory in use before: 57.9 MB.
System memory in use after: 58.0 MB.

Unloading 6 unused Assets to reduce memory usage. Loaded Objects now: 1601.
Total: 2.051000 ms (FindLiveObjects: 0.382000 ms CreateObjectMapping: 0.107600 ms MarkObjects: 1.498400 ms  DeleteObjects: 0.061000 ms)

========================================================================
Received Prepare
Registering precompiled user dll's ...
Registered in 0.000654 seconds.
Begin MonoManager ReloadAssembly
Native extension for WindowsStandalone target not found
Refreshing native plugins compatible for Editor in 0.25 ms, found 0 plugins.
Preloading 0 native plugins for Editor in 0.00 ms.
Invoked RoslynAnalysisRunner static constructor.
RoslynAnalysisRunner will not be running.
RoslynAnalysisRunner has terminated.
Mono: successfully reloaded assembly
- Completed reload, in  0.675 seconds
Platform modules already initialized, skipping
Refreshing native plugins compatible for Editor in 0.31 ms, found 0 plugins.
Preloading 0 native plugins for Editor in 0.00 ms.
Unloading 1116 Unused Serialized files (Serialized files now loaded: 0)
System memory in use before: 57.9 MB.
System memory in use after: 58.0 MB.

Unloading 6 unused Assets to reduce memory usage. Loaded Objects now: 1604.
Total: 1.986400 ms (FindLiveObjects: 0.251300 ms CreateObjectMapping: 0.066900 ms MarkObjects: 1.602800 ms  DeleteObjects: 0.063500 ms)

========================================================================
Received Prepare
Registering precompiled user dll's ...
Registered in 0.000616 seconds.
Begin MonoManager ReloadAssembly
Native extension for WindowsStandalone target not found
Refreshing native plugins compatible for Editor in 0.25 ms, found 0 plugins.
Preloading 0 native plugins for Editor in 0.00 ms.
Invoked RoslynAnalysisRunner static constructor.
RoslynAnalysisRunner will not be running.
RoslynAnalysisRunner has terminated.
Mono: successfully reloaded assembly
- Completed reload, in  0.682 seconds
Platform modules already initialized, skipping
Refreshing native plugins compatible for Editor in 0.25 ms, found 0 plugins.
Preloading 0 native plugins for Editor in 0.00 ms.
Unloading 1116 Unused Serialized files (Serialized files now loaded: 0)
System memory in use before: 57.9 MB.
System memory in use after: 58.0 MB.

Unloading 6 unused Assets to reduce memory usage. Loaded Objects now: 1607.
Total: 2.336600 ms (FindLiveObjects: 0.529300 ms CreateObjectMapping: 0.046700 ms MarkObjects: 1.698000 ms  DeleteObjects: 0.060800 ms)

========================================================================
Received Prepare
Registering precompiled user dll's ...
Registered in 0.000673 seconds.
Begin MonoManager ReloadAssembly
Native extension for WindowsStandalone target not found
Refreshing native plugins compatible for Editor in 0.25 ms, found 0 plugins.
Preloading 0 native plugins for Editor in 0.00 ms.
Invoked RoslynAnalysisRunner static constructor.
RoslynAnalysisRunner will not be running.
RoslynAnalysisRunner has terminated.
Mono: successfully reloaded assembly
- Completed reload, in  0.674 seconds
Platform modules already initialized, skipping
Refreshing native plugins compatible for Editor in 0.24 ms, found 0 plugins.
Preloading 0 native plugins for Editor in 0.00 ms.
Unloading 1116 Unused Serialized files (Serialized files now loaded: 0)
System memory in use before: 57.9 MB.
System memory in use after: 58.0 MB.

Unloading 6 unused Assets to reduce memory usage. Loaded Objects now: 1610.
Total: 1.538300 ms (FindLiveObjects: 0.178800 ms CreateObjectMapping: 0.033100 ms MarkObjects: 1.264600 ms  DeleteObjects: 0.061000 ms)

========================================================================
Received Prepare
Registering precompiled user dll's ...
Registered in 0.000650 seconds.
Begin MonoManager ReloadAssembly
Native extension for WindowsStandalone target not found
Refreshing native plugins compatible for Editor in 0.24 ms, found 0 plugins.
Preloading 0 native plugins for Editor in 0.00 ms.
Invoked RoslynAnalysisRunner static constructor.
RoslynAnalysisRunner will not be running.
RoslynAnalysisRunner has terminated.
Mono: successfully reloaded assembly
- Completed reload, in  0.683 seconds
Platform modules already initialized, skipping
Refreshing native plugins compatible for Editor in 0.24 ms, found 0 plugins.
Preloading 0 native plugins for Editor in 0.00 ms.
Unloading 1116 Unused Serialized files (Serialized files now loaded: 0)
System memory in use before: 57.9 MB.
System memory in use after: 58.0 MB.

Unloading 6 unused Assets to reduce memory usage. Loaded Objects now: 1613.
Total: 2.033000 ms (FindLiveObjects: 0.345700 ms CreateObjectMapping: 0.068100 ms MarkObjects: 1.552100 ms  DeleteObjects: 0.065100 ms)

========================================================================
Received Import Request.
  Time since last request: 851.672444 seconds.
  path: Assets/Scripts/03UIWindow
  artifactKey: Guid(6d7f80edb98dadc449710d981da1064b) Importer(815301076,1909f56bfc062723c751e8b465ee728b)
Start importing Assets/Scripts/03UIWindow using Guid(6d7f80edb98dadc449710d981da1064b) Importer(815301076,1909f56bfc062723c751e8b465ee728b)  -> (artifact id: '52df350e783d7f5a930604476250f38e') in 0.005275 seconds
  Import took 0.007090 seconds .

========================================================================
Received Import Request.
  Time since last request: 23.482330 seconds.
  path: Assets/Scripts/03UIWindow/LoginWnd.cs
  artifactKey: Guid(9b9dc9eb6f49952469ba724e178abff8) Importer(815301076,1909f56bfc062723c751e8b465ee728b)
Start importing Assets/Scripts/03UIWindow/LoginWnd.cs using Guid(9b9dc9eb6f49952469ba724e178abff8) Importer(815301076,1909f56bfc062723c751e8b465ee728b)  -> (artifact id: '67398b06698f4e1bab97565eb4594d6a') in 0.003644 seconds
  Import took 0.005644 seconds .

========================================================================
Received Prepare
Registering precompiled user dll's ...
Registered in 0.000678 seconds.
Begin MonoManager ReloadAssembly
Native extension for WindowsStandalone target not found
Refreshing native plugins compatible for Editor in 0.25 ms, found 0 plugins.
Preloading 0 native plugins for Editor in 0.00 ms.
Invoked RoslynAnalysisRunner static constructor.
RoslynAnalysisRunner will not be running.
RoslynAnalysisRunner has terminated.
Mono: successfully reloaded assembly
- Completed reload, in  0.663 seconds
Platform modules already initialized, skipping
Refreshing native plugins compatible for Editor in 0.26 ms, found 0 plugins.
Preloading 0 native plugins for Editor in 0.00 ms.
Unloading 1117 Unused Serialized files (Serialized files now loaded: 0)
System memory in use before: 57.9 MB.
System memory in use after: 58.0 MB.

Unloading 6 unused Assets to reduce memory usage. Loaded Objects now: 1617.
Total: 1.873400 ms (FindLiveObjects: 0.262100 ms CreateObjectMapping: 0.067700 ms MarkObjects: 1.478000 ms  DeleteObjects: 0.063200 ms)

========================================================================
Received Import Request.
  Time since last request: 55.152790 seconds.
  path: Assets/Scripts/03UIWindow/WindowRoot.cs
  artifactKey: Guid(53287869ccc6df740823c69aa4dcc60d) Importer(815301076,1909f56bfc062723c751e8b465ee728b)
Start importing Assets/Scripts/03UIWindow/WindowRoot.cs using Guid(53287869ccc6df740823c69aa4dcc60d) Importer(815301076,1909f56bfc062723c751e8b465ee728b)  -> (artifact id: '9bcda067b8cec8bd4151a4f965b353b7') in 0.006005 seconds
  Import took 0.007914 seconds .

========================================================================
Received Import Request.
  Time since last request: 0.019067 seconds.
  path: Assets/Scripts/03UIWindow/WindowRoot.cs
  artifactKey: Guid(53287869ccc6df740823c69aa4dcc60d) Importer(815301076,1909f56bfc062723c751e8b465ee728b)
Start importing Assets/Scripts/03UIWindow/WindowRoot.cs using Guid(53287869ccc6df740823c69aa4dcc60d) Importer(815301076,1909f56bfc062723c751e8b465ee728b)  -> (artifact id: '9bcda067b8cec8bd4151a4f965b353b7') in 0.002071 seconds
  Import took 0.004572 seconds .

========================================================================
Received Prepare
Registering precompiled user dll's ...
Registered in 0.000653 seconds.
Begin MonoManager ReloadAssembly
Native extension for WindowsStandalone target not found
Refreshing native plugins compatible for Editor in 0.26 ms, found 0 plugins.
Preloading 0 native plugins for Editor in 0.00 ms.
Invoked RoslynAnalysisRunner static constructor.
RoslynAnalysisRunner will not be running.
RoslynAnalysisRunner has terminated.
Mono: successfully reloaded assembly
- Completed reload, in  0.675 seconds
Platform modules already initialized, skipping
Refreshing native plugins compatible for Editor in 0.27 ms, found 0 plugins.
Preloading 0 native plugins for Editor in 0.00 ms.
Unloading 1118 Unused Serialized files (Serialized files now loaded: 0)
System memory in use before: 58.0 MB.
System memory in use after: 58.0 MB.

Unloading 6 unused Assets to reduce memory usage. Loaded Objects now: 1621.
Total: 2.380700 ms (FindLiveObjects: 0.296700 ms CreateObjectMapping: 0.070000 ms MarkObjects: 1.949200 ms  DeleteObjects: 0.063000 ms)

========================================================================
Received Prepare
Registering precompiled user dll's ...
Registered in 0.000641 seconds.
Begin MonoManager ReloadAssembly
Native extension for WindowsStandalone target not found
Refreshing native plugins compatible for Editor in 0.24 ms, found 0 plugins.
Preloading 0 native plugins for Editor in 0.00 ms.
Invoked RoslynAnalysisRunner static constructor.
RoslynAnalysisRunner will not be running.
RoslynAnalysisRunner has terminated.
Mono: successfully reloaded assembly
- Completed reload, in  0.675 seconds
Platform modules already initialized, skipping
Refreshing native plugins compatible for Editor in 0.26 ms, found 0 plugins.
Preloading 0 native plugins for Editor in 0.00 ms.
Unloading 1118 Unused Serialized files (Serialized files now loaded: 0)
System memory in use before: 58.0 MB.
System memory in use after: 58.1 MB.

Unloading 6 unused Assets to reduce memory usage. Loaded Objects now: 1624.
Total: 2.103500 ms (FindLiveObjects: 0.281100 ms CreateObjectMapping: 0.075000 ms MarkObjects: 1.684900 ms  DeleteObjects: 0.060100 ms)

========================================================================
Received Import Request.
  Time since last request: 390.805337 seconds.
  path: Assets/Scripts/03UIWindow/WindowRoot.cs
  artifactKey: Guid(53287869ccc6df740823c69aa4dcc60d) Importer(815301076,1909f56bfc062723c751e8b465ee728b)
Start importing Assets/Scripts/03UIWindow/WindowRoot.cs using Guid(53287869ccc6df740823c69aa4dcc60d) Importer(815301076,1909f56bfc062723c751e8b465ee728b)  -> (artifact id: 'a8f925545060a9b1d648d52166746722') in 0.004028 seconds
  Import took 0.005912 seconds .

========================================================================
Received Prepare
Registering precompiled user dll's ...
Registered in 0.000664 seconds.
Begin MonoManager ReloadAssembly
Native extension for WindowsStandalone target not found
Refreshing native plugins compatible for Editor in 0.28 ms, found 0 plugins.
Preloading 0 native plugins for Editor in 0.00 ms.
Invoked RoslynAnalysisRunner static constructor.
RoslynAnalysisRunner will not be running.
RoslynAnalysisRunner has terminated.
Mono: successfully reloaded assembly
- Completed reload, in  0.672 seconds
Platform modules already initialized, skipping
Refreshing native plugins compatible for Editor in 0.26 ms, found 0 plugins.
Preloading 0 native plugins for Editor in 0.00 ms.
Unloading 1118 Unused Serialized files (Serialized files now loaded: 0)
System memory in use before: 58.0 MB.
System memory in use after: 58.1 MB.

Unloading 6 unused Assets to reduce memory usage. Loaded Objects now: 1627.
Total: 1.845100 ms (FindLiveObjects: 0.204300 ms CreateObjectMapping: 0.051500 ms MarkObjects: 1.525300 ms  DeleteObjects: 0.062300 ms)

========================================================================
Received Prepare
Registering precompiled user dll's ...
Registered in 0.000647 seconds.
Begin MonoManager ReloadAssembly
Native extension for WindowsStandalone target not found
Refreshing native plugins compatible for Editor in 0.24 ms, found 0 plugins.
Preloading 0 native plugins for Editor in 0.00 ms.
Invoked RoslynAnalysisRunner static constructor.
RoslynAnalysisRunner will not be running.
RoslynAnalysisRunner has terminated.
Mono: successfully reloaded assembly
- Completed reload, in  0.662 seconds
Platform modules already initialized, skipping
Refreshing native plugins compatible for Editor in 0.24 ms, found 0 plugins.
Preloading 0 native plugins for Editor in 0.00 ms.
Unloading 1118 Unused Serialized files (Serialized files now loaded: 0)
System memory in use before: 58.0 MB.
System memory in use after: 58.1 MB.

Unloading 6 unused Assets to reduce memory usage. Loaded Objects now: 1630.
Total: 2.342100 ms (FindLiveObjects: 0.231200 ms CreateObjectMapping: 0.052900 ms MarkObjects: 1.997200 ms  DeleteObjects: 0.059100 ms)

========================================================================
Received Prepare
Registering precompiled user dll's ...
Registered in 0.000648 seconds.
Begin MonoManager ReloadAssembly
Native extension for WindowsStandalone target not found
Refreshing native plugins compatible for Editor in 0.25 ms, found 0 plugins.
Preloading 0 native plugins for Editor in 0.00 ms.
Invoked RoslynAnalysisRunner static constructor.
RoslynAnalysisRunner will not be running.
RoslynAnalysisRunner has terminated.
Mono: successfully reloaded assembly
- Completed reload, in  0.651 seconds
Platform modules already initialized, skipping
Refreshing native plugins compatible for Editor in 0.24 ms, found 0 plugins.
Preloading 0 native plugins for Editor in 0.00 ms.
Unloading 1118 Unused Serialized files (Serialized files now loaded: 0)
System memory in use before: 58.0 MB.
System memory in use after: 58.1 MB.

Unloading 6 unused Assets to reduce memory usage. Loaded Objects now: 1633.
Total: 2.020900 ms (FindLiveObjects: 0.185300 ms CreateObjectMapping: 0.027900 ms MarkObjects: 1.722300 ms  DeleteObjects: 0.084100 ms)

========================================================================
Received Import Request.
  Time since last request: 959.604842 seconds.
  path: Assets/Scripts/02Systems/SysRoot.cs
  artifactKey: Guid(869b0a26a0041fb47a753d6612fd8c7b) Importer(815301076,1909f56bfc062723c751e8b465ee728b)
Start importing Assets/Scripts/02Systems/SysRoot.cs using Guid(869b0a26a0041fb47a753d6612fd8c7b) Importer(815301076,1909f56bfc062723c751e8b465ee728b)  -> (artifact id: '4eaac34613246f132c059c28ec2f7aa0') in 0.006049 seconds
  Import took 0.008045 seconds .

========================================================================
Received Prepare
Registering precompiled user dll's ...
Registered in 0.000655 seconds.
Begin MonoManager ReloadAssembly
Native extension for WindowsStandalone target not found
Refreshing native plugins compatible for Editor in 0.26 ms, found 0 plugins.
Preloading 0 native plugins for Editor in 0.00 ms.
Invoked RoslynAnalysisRunner static constructor.
RoslynAnalysisRunner will not be running.
RoslynAnalysisRunner has terminated.
Mono: successfully reloaded assembly
- Completed reload, in  0.673 seconds
Platform modules already initialized, skipping
Refreshing native plugins compatible for Editor in 0.25 ms, found 0 plugins.
Preloading 0 native plugins for Editor in 0.00 ms.
Unloading 1119 Unused Serialized files (Serialized files now loaded: 0)
System memory in use before: 58.0 MB.
System memory in use after: 58.1 MB.

Unloading 6 unused Assets to reduce memory usage. Loaded Objects now: 1637.
Total: 1.847900 ms (FindLiveObjects: 0.309600 ms CreateObjectMapping: 0.062900 ms MarkObjects: 1.415200 ms  DeleteObjects: 0.058100 ms)

========================================================================
Received Prepare
Registering precompiled user dll's ...
Registered in 0.000664 seconds.
Begin MonoManager ReloadAssembly
Native extension for WindowsStandalone target not found
Refreshing native plugins compatible for Editor in 0.25 ms, found 0 plugins.
Preloading 0 native plugins for Editor in 0.00 ms.
Invoked RoslynAnalysisRunner static constructor.
RoslynAnalysisRunner will not be running.
RoslynAnalysisRunner has terminated.
Mono: successfully reloaded assembly
- Completed reload, in  0.686 seconds
Platform modules already initialized, skipping
Refreshing native plugins compatible for Editor in 0.24 ms, found 0 plugins.
Preloading 0 native plugins for Editor in 0.00 ms.
Unloading 1119 Unused Serialized files (Serialized files now loaded: 0)
System memory in use before: 58.0 MB.
System memory in use after: 58.1 MB.

Unloading 6 unused Assets to reduce memory usage. Loaded Objects now: 1640.
Total: 2.085000 ms (FindLiveObjects: 0.155900 ms CreateObjectMapping: 0.067700 ms MarkObjects: 1.798400 ms  DeleteObjects: 0.062100 ms)

========================================================================
Received Import Request.
  Time since last request: 314.965902 seconds.
  path: Assets/Scripts/02Systems/SysRoot.cs
  artifactKey: Guid(869b0a26a0041fb47a753d6612fd8c7b) Importer(815301076,1909f56bfc062723c751e8b465ee728b)
Start importing Assets/Scripts/02Systems/SysRoot.cs using Guid(869b0a26a0041fb47a753d6612fd8c7b) Importer(815301076,1909f56bfc062723c751e8b465ee728b)  -> (artifact id: 'a88a6fa6106ff9baf0e8c143771b0eed') in 0.004093 seconds
  Import took 0.005979 seconds .

========================================================================
Received Import Request.
  Time since last request: 6.004737 seconds.
  path: Assets/Scripts/00Common/Constant.cs
  artifactKey: Guid(bdc9c8992c952d7459b1d58c79c911eb) Importer(815301076,1909f56bfc062723c751e8b465ee728b)
Start importing Assets/Scripts/00Common/Constant.cs using Guid(bdc9c8992c952d7459b1d58c79c911eb) Importer(815301076,1909f56bfc062723c751e8b465ee728b)  -> (artifact id: 'beac548ec75bce4881ee03337521120f') in 0.002280 seconds
  Import took 0.004311 seconds .

========================================================================
Received Prepare
Registering precompiled user dll's ...
Registered in 0.000665 seconds.
Begin MonoManager ReloadAssembly
Native extension for WindowsStandalone target not found
Refreshing native plugins compatible for Editor in 0.37 ms, found 0 plugins.
Preloading 0 native plugins for Editor in 0.00 ms.
Invoked RoslynAnalysisRunner static constructor.
RoslynAnalysisRunner will not be running.
RoslynAnalysisRunner has terminated.
Mono: successfully reloaded assembly
- Completed reload, in  0.671 seconds
Platform modules already initialized, skipping
Refreshing native plugins compatible for Editor in 0.24 ms, found 0 plugins.
Preloading 0 native plugins for Editor in 0.00 ms.
Unloading 1120 Unused Serialized files (Serialized files now loaded: 0)
System memory in use before: 58.1 MB.
System memory in use after: 58.1 MB.

Unloading 6 unused Assets to reduce memory usage. Loaded Objects now: 1644.
Total: 1.858300 ms (FindLiveObjects: 0.210100 ms CreateObjectMapping: 0.053400 ms MarkObjects: 1.532700 ms  DeleteObjects: 0.059300 ms)

========================================================================
Received Prepare
Registering precompiled user dll's ...
Registered in 0.000738 seconds.
Begin MonoManager ReloadAssembly
Native extension for WindowsStandalone target not found
Refreshing native plugins compatible for Editor in 0.24 ms, found 0 plugins.
Preloading 0 native plugins for Editor in 0.00 ms.
Invoked RoslynAnalysisRunner static constructor.
RoslynAnalysisRunner will not be running.
RoslynAnalysisRunner has terminated.
Mono: successfully reloaded assembly
- Completed reload, in  0.657 seconds
Platform modules already initialized, skipping
Refreshing native plugins compatible for Editor in 0.25 ms, found 0 plugins.
Preloading 0 native plugins for Editor in 0.00 ms.
Unloading 1120 Unused Serialized files (Serialized files now loaded: 0)
System memory in use before: 58.1 MB.
System memory in use after: 58.1 MB.

Unloading 6 unused Assets to reduce memory usage. Loaded Objects now: 1647.
Total: 2.209400 ms (FindLiveObjects: 0.263400 ms CreateObjectMapping: 0.067200 ms MarkObjects: 1.820400 ms  DeleteObjects: 0.056600 ms)

========================================================================
Received Import Request.
  Time since last request: 119.190457 seconds.
  path: Assets/Scripts/00Common/Constant.cs
  artifactKey: Guid(bdc9c8992c952d7459b1d58c79c911eb) Importer(815301076,1909f56bfc062723c751e8b465ee728b)
Start importing Assets/Scripts/00Common/Constant.cs using Guid(bdc9c8992c952d7459b1d58c79c911eb) Importer(815301076,1909f56bfc062723c751e8b465ee728b)  -> (artifact id: '4351cf608a0da578f95e6268f4091a70') in 0.003982 seconds
  Import took 0.005844 seconds .

========================================================================
Received Prepare
Registering precompiled user dll's ...
Registered in 0.000655 seconds.
Begin MonoManager ReloadAssembly
Native extension for WindowsStandalone target not found
Refreshing native plugins compatible for Editor in 0.25 ms, found 0 plugins.
Preloading 0 native plugins for Editor in 0.00 ms.
Invoked RoslynAnalysisRunner static constructor.
RoslynAnalysisRunner will not be running.
RoslynAnalysisRunner has terminated.
Mono: successfully reloaded assembly
- Completed reload, in  0.670 seconds
Platform modules already initialized, skipping
Refreshing native plugins compatible for Editor in 0.25 ms, found 0 plugins.
Preloading 0 native plugins for Editor in 0.00 ms.
Unloading 1120 Unused Serialized files (Serialized files now loaded: 0)
System memory in use before: 58.1 MB.
System memory in use after: 58.1 MB.

Unloading 6 unused Assets to reduce memory usage. Loaded Objects now: 1650.
Total: 1.993700 ms (FindLiveObjects: 0.338800 ms CreateObjectMapping: 0.048200 ms MarkObjects: 1.540300 ms  DeleteObjects: 0.064300 ms)

========================================================================
Received Prepare
Registering precompiled user dll's ...
Registered in 0.000729 seconds.
Begin MonoManager ReloadAssembly
Native extension for WindowsStandalone target not found
Refreshing native plugins compatible for Editor in 0.25 ms, found 0 plugins.
Preloading 0 native plugins for Editor in 0.00 ms.
Invoked RoslynAnalysisRunner static constructor.
RoslynAnalysisRunner will not be running.
RoslynAnalysisRunner has terminated.
Mono: successfully reloaded assembly
- Completed reload, in  0.654 seconds
Platform modules already initialized, skipping
Refreshing native plugins compatible for Editor in 0.25 ms, found 0 plugins.
Preloading 0 native plugins for Editor in 0.00 ms.
Unloading 1120 Unused Serialized files (Serialized files now loaded: 0)
System memory in use before: 58.1 MB.
System memory in use after: 58.1 MB.

Unloading 6 unused Assets to reduce memory usage. Loaded Objects now: 1653.
Total: 1.742900 ms (FindLiveObjects: 0.224000 ms CreateObjectMapping: 0.037000 ms MarkObjects: 1.420800 ms  DeleteObjects: 0.059600 ms)

AssetImportWorkerClient::OnTransportError - code=2 error=End of file
